[+] Containers:
 |- [+] Container: /Game/Sistema_Solar
 |   |- [+] ActorDescs:
 |   |   |- Guid:02E878BD43540521460A5BB9E6F8F212 BaseClass: NativeClass:/Script/Engine.StaticMeshActor Name:StaticMeshActor_UAID_E4A8DFF3748EA51002_1939353445 Label:Jupiter SpatiallyLoaded:1 Bounds:IsValid=true, Min=(X=1469936.951 Y=-69911.012 Z=-73474.052), Max=(X=1616885.061 Y=69910.995 Z=73474.052) RuntimeGrid:None EditorOnly:0 RuntimeOnly:0 HLODRelevant:1 ListedInSceneOutliner:1 IsMainWorldOnly:0
 |   |   |- Guid:06056B574C5B8D51C10627BE56DBA4A7 BaseClass: NativeClass:/Script/Engine.StaticMeshActor Name:StaticMeshActor_UAID_E4A8DFF3748EDE1002_1798476468 Label:StaticMeshActor2 SpatiallyLoaded:1 Bounds:IsValid=true, Min=(X=-3663380.000 Y=-9280270.000 Z=-326310.000), Max=(X=-3663380.000 Y=-9280270.000 Z=-326310.000) RuntimeGrid:None EditorOnly:0 RuntimeOnly:0 HLODRelevant:0 ListedInSceneOutliner:1 IsMainWorldOnly:0
 |   |   |- Guid:08A650D64F9F6C8CEB3504B252CE4A8B BaseClass: NativeClass:/Script/Engine.StaticMeshActor Name:StaticMeshActor_UAID_E4A8DFF3748EA21002_1398474912 Label:TerraAtm SpatiallyLoaded:1 Bounds:IsValid=true, Min=(X=843421.194 Y=-6400.001 Z=-8449.806), Max=(X=860320.807 Y=6400.000 Z=8449.806) RuntimeGrid:None EditorOnly:0 RuntimeOnly:0 HLODRelevant:1 ListedInSceneOutliner:1 IsMainWorldOnly:0 Parent:41DF3BF74C4944FAF6EDBEABFD9BF8F0
 |   |   |- Guid:1069D8FA49B12BBEE68F75A510F82C13 BaseClass: NativeClass:/Script/Engine.StaticMeshActor Name:StaticMeshActor_UAID_E4A8DFF3748EA51002_1836880444 Label:MarteAtm SpatiallyLoaded:1 Bounds:IsValid=true, Min=(X=922371.651 Y=-3400.000 Z=-4518.349), Max=(X=931408.349 Y=3400.000 Z=4518.349) RuntimeGrid:None EditorOnly:0 RuntimeOnly:0 HLODRelevant:1 ListedInSceneOutliner:1 IsMainWorldOnly:0 Parent:6EB688F24206617284DF9ABA12ACBEAA
 |   |   |- Guid:1EE7EE144886B67B3C420ABA8772BE43 BaseClass: NativeClass:/Script/Engine.StaticMeshActor Name:StaticMeshActor_UAID_E4A8DFF3748E9F1002_1745353381 Label:VenusAtm SpatiallyLoaded:1 Bounds:IsValid=true, Min=(X=803183.148 Y=-6060.001 Z=-6368.851), Max=(X=815920.851 Y=6059.999 Z=6368.851) RuntimeGrid:None EditorOnly:0 RuntimeOnly:0 HLODRelevant:1 ListedInSceneOutliner:1 IsMainWorldOnly:0 Parent:6DB5C108471D6E44C446F1A9B0427C77
 |   |   |- Guid:1F4949A4438C683E42738991D3DE2FC1 BaseClass: NativeClass:/Script/Engine.DirectionalLight Name:DirectionalLight_UAID_E4A8DFF3748E561002_1106025529 Label:DirectionalLight SpatiallyLoaded:0 Bounds:IsValid=true, Min=(X=-4398046511104.000 Y=-4398046511104.000 Z=-4398046511104.000), Max=(X=4398046511104.000 Y=4398046511104.000 Z=4398046511104.000) RuntimeGrid:None EditorOnly:0 RuntimeOnly:0 HLODRelevant:0 ListedInSceneOutliner:1 IsMainWorldOnly:0
 |   |   |- Guid:37C576CE4745215098D9DC95ED0F59B8 BaseClass: NativeClass:/Script/Engine.StaticMeshActor Name:StaticMeshActor_UAID_E4A8DFF3748E9C1002_1656491850 Label:Mercurio SpatiallyLoaded:1 Bounds:IsValid=true, Min=(X=753500.000 Y=-2440.000 Z=-2440.000), Max=(X=758380.000 Y=2440.000 Z=2440.000) RuntimeGrid:None EditorOnly:0 RuntimeOnly:0 HLODRelevant:1 ListedInSceneOutliner:1 IsMainWorldOnly:0
 |   |   |- Guid:387FC1024FF702D461650B831CEDC6E4 BaseClass: NativeClass:/Script/Engine.StaticMeshActor Name:StaticMeshActor_UAID_E4A8DFF3748E9D1002_2140139027 Label:MercurioAtm SpatiallyLoaded:1 Bounds:IsValid=true, Min=(X=753460.000 Y=-2480.000 Z=-2480.000), Max=(X=758420.000 Y=2480.000 Z=2480.000) RuntimeGrid:None EditorOnly:0 RuntimeOnly:0 HLODRelevant:1 ListedInSceneOutliner:1 IsMainWorldOnly:0 Parent:37C576CE4745215098D9DC95ED0F59B8
 |   |   |- Guid:41DF3BF74C4944FAF6EDBEABFD9BF8F0 BaseClass: NativeClass:/Script/Engine.StaticMeshActor Name:StaticMeshActor_UAID_E4A8DFF3748EA01002_1968139559 Label:Terra SpatiallyLoaded:1 Bounds:IsValid=true, Min=(X=843459.483 Y=-6371.001 Z=-8411.517), Max=(X=860282.518 Y=6370.999 Z=8411.518) RuntimeGrid:None EditorOnly:0 RuntimeOnly:0 HLODRelevant:1 ListedInSceneOutliner:1 IsMainWorldOnly:0
 |   |   |- Guid:6B2CF811428DDF5EA748F585FB5AC171 BaseClass: NativeClass:/Script/Engine.StaticMeshActor Name:StaticMeshActor_UAID_E4A8DFF3748EAE1002_1127024036 Label:Urano SpatiallyLoaded:1 Bounds:IsValid=true, Min=(X=3563217.113 Y=-25362.003 Z=-28644.887), Max=(X=3620506.886 Y=25361.996 Z=28644.891) RuntimeGrid:None EditorOnly:0 RuntimeOnly:0 HLODRelevant:1 ListedInSceneOutliner:1 IsMainWorldOnly:0
 |   |   |- Guid:6DB5C108471D6E44C446F1A9B0427C77 BaseClass: NativeClass:/Script/Engine.StaticMeshActor Name:StaticMeshActor_UAID_E4A8DFF3748E9E1002_1342591204 Label:Venus SpatiallyLoaded:1 Bounds:IsValid=true, Min=(X=803191.556 Y=-6052.001 Z=-6360.443), Max=(X=815912.443 Y=6051.999 Z=6360.443) RuntimeGrid:None EditorOnly:0 RuntimeOnly:0 HLODRelevant:1 ListedInSceneOutliner:1 IsMainWorldOnly:0
 |   |   |- Guid:6EB688F24206617284DF9ABA12ACBEAA BaseClass: NativeClass:/Script/Engine.StaticMeshActor Name:StaticMeshActor_UAID_E4A8DFF3748EA21002_1954791915 Label:Marte SpatiallyLoaded:1 Bounds:IsValid=true, Min=(X=922384.941 Y=-3390.001 Z=-4505.059), Max=(X=931395.060 Y=3390.000 Z=4505.060) RuntimeGrid:None EditorOnly:0 RuntimeOnly:0 HLODRelevant:1 ListedInSceneOutliner:1 IsMainWorldOnly:0
 |   |   |- Guid:704763FF41F1D3BF3A79ECA320A75E25 BaseClass: NativeClass:/Script/Engine.StaticMeshActor Name:StaticMeshActor_UAID_E4A8DFF3748EDC1002_1128774111 Label:StaticMeshActor SpatiallyLoaded:1 Bounds:IsValid=true, Min=(X=5081370.000 Y=-8587690.000 Z=-197740.000), Max=(X=5081370.000 Y=-8587690.000 Z=-197740.000) RuntimeGrid:None EditorOnly:0 RuntimeOnly:0 HLODRelevant:0 ListedInSceneOutliner:1 IsMainWorldOnly:0
 |   |   |- Guid:768CA6414C9A04811C1B64B17A9E9806 BaseClass: NativeClass:/Script/Engine.WorldDataLayers Name:WorldDataLayers Label:WorldDataLayers SpatiallyLoaded:0 Bounds:Invalid RuntimeGrid:None EditorOnly:0 RuntimeOnly:0 HLODRelevant:0 ListedInSceneOutliner:1 IsMainWorldOnly:1
 |   |   |- Guid:914FBD1D4F9CEC8A9B8BBCB507CDFDC3 BaseClass: NativeClass:/Script/Engine.StaticMeshActor Name:StaticMeshActor_UAID_E4A8DFF3748E951002_1315253616 Label:Espa?o SpatiallyLoaded:1 Bounds:IsValid=true, Min=(X=-10000000.000 Y=-10000000.982 Z=-9999999.762), Max=(X=10000001.831 Y=9999998.541 Z=9999999.762) RuntimeGrid:None EditorOnly:0 RuntimeOnly:0 HLODRelevant:1 ListedInSceneOutliner:1 IsMainWorldOnly:0
 |   |   |- Guid:992CA72E417A6444837F1D9299B92B99 BaseClass: NativeClass:/Script/Engine.StaticMeshActor Name:StaticMeshActor_UAID_E4A8DFF3748EA21002_1902799914 Label:LuaAtm SpatiallyLoaded:1 Bounds:IsValid=true, Min=(X=899351.715 Y=-1750.000 Z=20057.847), Max=(X=903252.170 Y=1750.000 Z=23958.301) RuntimeGrid:None EditorOnly:0 RuntimeOnly:0 HLODRelevant:1 ListedInSceneOutliner:1 IsMainWorldOnly:0 Parent:DD4EA5DF455B44DE221DED80059C20AE
 |   |   |- Guid:9A62BEA14705CD714F6968BF748CD115 BaseClass: NativeClass:/Script/Engine.PostProcessVolume Name:PostProcessVolume_UAID_E4A8DFF3748E561002_1645451531 Label:PostProcessVolume SpatiallyLoaded:0 Bounds:IsValid=true, Min=(X=-100.000 Y=-100.000 Z=-100.000), Max=(X=100.000 Y=100.000 Z=100.000) RuntimeGrid:None EditorOnly:0 RuntimeOnly:0 HLODRelevant:0 ListedInSceneOutliner:1 IsMainWorldOnly:0
 |   |   |- Guid:9BE6B3B44B76D961F87AC3B2ACB6882A BaseClass: NativeClass:/Script/Engine.StaticMeshActor Name:StaticMeshActor_UAID_E4A8DFF3748EA01002_1678186558 Label:VenusAtm2 SpatiallyLoaded:1 Bounds:IsValid=true, Min=(X=803183.148 Y=-6060.001 Z=-6368.851), Max=(X=815920.851 Y=6059.999 Z=6368.851) RuntimeGrid:None EditorOnly:0 RuntimeOnly:0 HLODRelevant:1 ListedInSceneOutliner:1 IsMainWorldOnly:0 Parent:6DB5C108471D6E44C446F1A9B0427C77
 |   |   |- Guid:9F0D6E2F4E4F942712010FB69D15A311 BaseClass: NativeClass:/Script/Engine.StaticMeshActor Name:StaticMeshActor_UAID_E4A8DFF3748EB21002_1935122742 Label:Netuno SpatiallyLoaded:1 Bounds:IsValid=true, Min=(X=5184822.736 Y=-24622.003 Z=-33299.264), Max=(X=5251421.268 Y=24621.997 Z=33299.266) RuntimeGrid:None EditorOnly:0 RuntimeOnly:0 HLODRelevant:1 ListedInSceneOutliner:1 IsMainWorldOnly:0
 |   |   |- Guid:B7B32CC446925FB65757E9AAECA33EC4 BaseClass: NativeClass:/Script/Engine.StaticMeshActor Name:StaticMeshActor_UAID_E4A8DFF3748EA61002_1460562623 Label:Saturno SpatiallyLoaded:1 Bounds:IsValid=true, Min=(X=2102410.134 Y=-58232.006 Z=-78321.865), Max=(X=2259053.875 Y=58231.991 Z=78321.870) RuntimeGrid:None EditorOnly:0 RuntimeOnly:0 HLODRelevant:1 ListedInSceneOutliner:1 IsMainWorldOnly:0
 |   |   |- Guid:B80902134115EFA0C0A74F9DF034F767 BaseClass: NativeClass:/Script/Engine.StaticMeshActor Name:StaticMeshActor_UAID_E4A8DFF3748EA61002_1325919622 Label:JupiterAtm SpatiallyLoaded:1 Bounds:IsValid=true, Min=(X=1469895.964 Y=-69950.015 Z=-73515.042), Max=(X=1616926.049 Y=69949.998 Z=73515.043) RuntimeGrid:None EditorOnly:0 RuntimeOnly:0 HLODRelevant:1 ListedInSceneOutliner:1 IsMainWorldOnly:0 Parent:02E878BD43540521460A5BB9E6F8F212
 |   |   |- Guid:BB1AB5B94FB578EBA33E5B92C20655A4 BaseClass: NativeClass:/Script/Engine.StaticMeshActor Name:StaticMeshActor_UAID_E4A8DFF3748EAC1002_1794818683 Label:Anel_Saturno SpatiallyLoaded:1 Bounds:IsValid=true, Min=(X=2073811.208 Y=-120000.001 Z=-54478.877), Max=(X=2287652.792 Y=120000.001 Z=54478.877) RuntimeGrid:None EditorOnly:0 RuntimeOnly:0 HLODRelevant:1 ListedInSceneOutliner:1 IsMainWorldOnly:0
 |   |   |- Guid:C05F71CC4D224A3C2255F0BBCD871655 BaseClass: NativeClass:/Script/Engine.StaticMeshActor Name:StaticMeshActor_UAID_E4A8DFF3748EB31002_1705620919 Label:NetunoAtm SpatiallyLoaded:1 Bounds:IsValid=true, Min=(X=5184784.868 Y=-24650.002 Z=-33337.131), Max=(X=5251459.136 Y=24649.996 Z=33337.133) RuntimeGrid:None EditorOnly:0 RuntimeOnly:0 HLODRelevant:1 ListedInSceneOutliner:1 IsMainWorldOnly:0 Parent:9F0D6E2F4E4F942712010FB69D15A311
 |   |   |- Guid:DD4EA5DF455B44DE221DED80059C20AE BaseClass: NativeClass:/Script/Engine.StaticMeshActor Name:StaticMeshActor_UAID_E4A8DFF3748EA21002_1483717913 Label:Lua SpatiallyLoaded:1 Bounds:IsValid=true, Min=(X=849934.146 Y=-17587.000 Z=-1936.854), Max=(X=853807.854 Y=-14111.000 Z=1936.854) RuntimeGrid:None EditorOnly:0 RuntimeOnly:0 HLODRelevant:1 ListedInSceneOutliner:1 IsMainWorldOnly:0
 |   |   |- Guid:E4B87B45469493B7FB6B2291EC7171E1 BaseClass: NativeClass:/Script/Engine.StaticMeshActor Name:StaticMeshActor_UAID_E4A8DFF3748EA61002_1798253624 Label:SaturnoAtm SpatiallyLoaded:1 Bounds:IsValid=true, Min=(X=2102318.674 Y=-58300.007 Z=-78413.326), Max=(X=2259145.336 Y=58299.993 Z=78413.331) RuntimeGrid:None EditorOnly:0 RuntimeOnly:0 HLODRelevant:1 ListedInSceneOutliner:1 IsMainWorldOnly:0 Parent:B7B32CC446925FB65757E9AAECA33EC4
 |   |   |- Guid:ECF17FD24A673EB88926DAA1655B1C9D BaseClass: NativeClass:/Script/Engine.StaticMeshActor Name:StaticMeshActor_UAID_E4A8DFF3748E961002_1181754793 Label:Sol SpatiallyLoaded:1 Bounds:IsValid=true, Min=(X=-775075.682 Y=-695499.703 Z=-775075.941), Max=(X=775076.272 Y=695500.297 Z=775076.013) RuntimeGrid:None EditorOnly:0 RuntimeOnly:0 HLODRelevant:1 ListedInSceneOutliner:1 IsMainWorldOnly:0
 |   |   |- Guid:EF67C217430DDFB46500BBB694CA6563 BaseClass: NativeClass:/Script/Engine.StaticMeshActor Name:StaticMeshActor_UAID_E4A8DFF3748EB01002_1178953389 Label:UranoAtm SpatiallyLoaded:1 Bounds:IsValid=true, Min=(X=3563174.193 Y=-25400.004 Z=-28687.806), Max=(X=3620549.807 Y=25399.998 Z=28687.810) RuntimeGrid:None EditorOnly:0 RuntimeOnly:0 HLODRelevant:1 ListedInSceneOutliner:1 IsMainWorldOnly:0 Parent:6B2CF811428DDF5EA748F585FB5AC171
 |   |- [+] Clusters:
 |   |   |- [+] [  0]
 |   |   |   |- Guid:02E878BD43540521460A5BB9E6F8F212 BaseClass: NativeClass:/Script/Engine.StaticMeshActor Name:StaticMeshActor_UAID_E4A8DFF3748EA51002_1939353445 Label:Jupiter SpatiallyLoaded:1 Bounds:IsValid=true, Min=(X=1469936.951 Y=-69911.012 Z=-73474.052), Max=(X=1616885.061 Y=69910.995 Z=73474.052) RuntimeGrid:None EditorOnly:0 RuntimeOnly:0 HLODRelevant:1 ListedInSceneOutliner:1 IsMainWorldOnly:0
 |   |   |   |- Guid:B80902134115EFA0C0A74F9DF034F767 BaseClass: NativeClass:/Script/Engine.StaticMeshActor Name:StaticMeshActor_UAID_E4A8DFF3748EA61002_1325919622 Label:JupiterAtm SpatiallyLoaded:1 Bounds:IsValid=true, Min=(X=1469895.964 Y=-69950.015 Z=-73515.042), Max=(X=1616926.049 Y=69949.998 Z=73515.043) RuntimeGrid:None EditorOnly:0 RuntimeOnly:0 HLODRelevant:1 ListedInSceneOutliner:1 IsMainWorldOnly:0 Parent:02E878BD43540521460A5BB9E6F8F212
 |   |   |- [+] [  1]
 |   |   |   |- Guid:06056B574C5B8D51C10627BE56DBA4A7 BaseClass: NativeClass:/Script/Engine.StaticMeshActor Name:StaticMeshActor_UAID_E4A8DFF3748EDE1002_1798476468 Label:StaticMeshActor2 SpatiallyLoaded:1 Bounds:IsValid=true, Min=(X=-3663380.000 Y=-9280270.000 Z=-326310.000), Max=(X=-3663380.000 Y=-9280270.000 Z=-326310.000) RuntimeGrid:None EditorOnly:0 RuntimeOnly:0 HLODRelevant:0 ListedInSceneOutliner:1 IsMainWorldOnly:0
 |   |   |- [+] [  2]
 |   |   |   |- Guid:08A650D64F9F6C8CEB3504B252CE4A8B BaseClass: NativeClass:/Script/Engine.StaticMeshActor Name:StaticMeshActor_UAID_E4A8DFF3748EA21002_1398474912 Label:TerraAtm SpatiallyLoaded:1 Bounds:IsValid=true, Min=(X=843421.194 Y=-6400.001 Z=-8449.806), Max=(X=860320.807 Y=6400.000 Z=8449.806) RuntimeGrid:None EditorOnly:0 RuntimeOnly:0 HLODRelevant:1 ListedInSceneOutliner:1 IsMainWorldOnly:0 Parent:41DF3BF74C4944FAF6EDBEABFD9BF8F0
 |   |   |   |- Guid:41DF3BF74C4944FAF6EDBEABFD9BF8F0 BaseClass: NativeClass:/Script/Engine.StaticMeshActor Name:StaticMeshActor_UAID_E4A8DFF3748EA01002_1968139559 Label:Terra SpatiallyLoaded:1 Bounds:IsValid=true, Min=(X=843459.483 Y=-6371.001 Z=-8411.517), Max=(X=860282.518 Y=6370.999 Z=8411.518) RuntimeGrid:None EditorOnly:0 RuntimeOnly:0 HLODRelevant:1 ListedInSceneOutliner:1 IsMainWorldOnly:0
 |   |   |- [+] [  3]
 |   |   |   |- Guid:1069D8FA49B12BBEE68F75A510F82C13 BaseClass: NativeClass:/Script/Engine.StaticMeshActor Name:StaticMeshActor_UAID_E4A8DFF3748EA51002_1836880444 Label:MarteAtm SpatiallyLoaded:1 Bounds:IsValid=true, Min=(X=922371.651 Y=-3400.000 Z=-4518.349), Max=(X=931408.349 Y=3400.000 Z=4518.349) RuntimeGrid:None EditorOnly:0 RuntimeOnly:0 HLODRelevant:1 ListedInSceneOutliner:1 IsMainWorldOnly:0 Parent:6EB688F24206617284DF9ABA12ACBEAA
 |   |   |   |- Guid:6EB688F24206617284DF9ABA12ACBEAA BaseClass: NativeClass:/Script/Engine.StaticMeshActor Name:StaticMeshActor_UAID_E4A8DFF3748EA21002_1954791915 Label:Marte SpatiallyLoaded:1 Bounds:IsValid=true, Min=(X=922384.941 Y=-3390.001 Z=-4505.059), Max=(X=931395.060 Y=3390.000 Z=4505.060) RuntimeGrid:None EditorOnly:0 RuntimeOnly:0 HLODRelevant:1 ListedInSceneOutliner:1 IsMainWorldOnly:0
 |   |   |- [+] [  4]
 |   |   |   |- Guid:1EE7EE144886B67B3C420ABA8772BE43 BaseClass: NativeClass:/Script/Engine.StaticMeshActor Name:StaticMeshActor_UAID_E4A8DFF3748E9F1002_1745353381 Label:VenusAtm SpatiallyLoaded:1 Bounds:IsValid=true, Min=(X=803183.148 Y=-6060.001 Z=-6368.851), Max=(X=815920.851 Y=6059.999 Z=6368.851) RuntimeGrid:None EditorOnly:0 RuntimeOnly:0 HLODRelevant:1 ListedInSceneOutliner:1 IsMainWorldOnly:0 Parent:6DB5C108471D6E44C446F1A9B0427C77
 |   |   |   |- Guid:6DB5C108471D6E44C446F1A9B0427C77 BaseClass: NativeClass:/Script/Engine.StaticMeshActor Name:StaticMeshActor_UAID_E4A8DFF3748E9E1002_1342591204 Label:Venus SpatiallyLoaded:1 Bounds:IsValid=true, Min=(X=803191.556 Y=-6052.001 Z=-6360.443), Max=(X=815912.443 Y=6051.999 Z=6360.443) RuntimeGrid:None EditorOnly:0 RuntimeOnly:0 HLODRelevant:1 ListedInSceneOutliner:1 IsMainWorldOnly:0
 |   |   |   |- Guid:9BE6B3B44B76D961F87AC3B2ACB6882A BaseClass: NativeClass:/Script/Engine.StaticMeshActor Name:StaticMeshActor_UAID_E4A8DFF3748EA01002_1678186558 Label:VenusAtm2 SpatiallyLoaded:1 Bounds:IsValid=true, Min=(X=803183.148 Y=-6060.001 Z=-6368.851), Max=(X=815920.851 Y=6059.999 Z=6368.851) RuntimeGrid:None EditorOnly:0 RuntimeOnly:0 HLODRelevant:1 ListedInSceneOutliner:1 IsMainWorldOnly:0 Parent:6DB5C108471D6E44C446F1A9B0427C77
 |   |   |- [+] [  5]
 |   |   |   |- Guid:1F4949A4438C683E42738991D3DE2FC1 BaseClass: NativeClass:/Script/Engine.DirectionalLight Name:DirectionalLight_UAID_E4A8DFF3748E561002_1106025529 Label:DirectionalLight SpatiallyLoaded:0 Bounds:IsValid=true, Min=(X=-4398046511104.000 Y=-4398046511104.000 Z=-4398046511104.000), Max=(X=4398046511104.000 Y=4398046511104.000 Z=4398046511104.000) RuntimeGrid:None EditorOnly:0 RuntimeOnly:0 HLODRelevant:0 ListedInSceneOutliner:1 IsMainWorldOnly:0
 |   |   |- [+] [  6]
 |   |   |   |- Guid:37C576CE4745215098D9DC95ED0F59B8 BaseClass: NativeClass:/Script/Engine.StaticMeshActor Name:StaticMeshActor_UAID_E4A8DFF3748E9C1002_1656491850 Label:Mercurio SpatiallyLoaded:1 Bounds:IsValid=true, Min=(X=753500.000 Y=-2440.000 Z=-2440.000), Max=(X=758380.000 Y=2440.000 Z=2440.000) RuntimeGrid:None EditorOnly:0 RuntimeOnly:0 HLODRelevant:1 ListedInSceneOutliner:1 IsMainWorldOnly:0
 |   |   |   |- Guid:387FC1024FF702D461650B831CEDC6E4 BaseClass: NativeClass:/Script/Engine.StaticMeshActor Name:StaticMeshActor_UAID_E4A8DFF3748E9D1002_2140139027 Label:MercurioAtm SpatiallyLoaded:1 Bounds:IsValid=true, Min=(X=753460.000 Y=-2480.000 Z=-2480.000), Max=(X=758420.000 Y=2480.000 Z=2480.000) RuntimeGrid:None EditorOnly:0 RuntimeOnly:0 HLODRelevant:1 ListedInSceneOutliner:1 IsMainWorldOnly:0 Parent:37C576CE4745215098D9DC95ED0F59B8
 |   |   |- [+] [  7]
 |   |   |   |- Guid:6B2CF811428DDF5EA748F585FB5AC171 BaseClass: NativeClass:/Script/Engine.StaticMeshActor Name:StaticMeshActor_UAID_E4A8DFF3748EAE1002_1127024036 Label:Urano SpatiallyLoaded:1 Bounds:IsValid=true, Min=(X=3563217.113 Y=-25362.003 Z=-28644.887), Max=(X=3620506.886 Y=25361.996 Z=28644.891) RuntimeGrid:None EditorOnly:0 RuntimeOnly:0 HLODRelevant:1 ListedInSceneOutliner:1 IsMainWorldOnly:0
 |   |   |   |- Guid:EF67C217430DDFB46500BBB694CA6563 BaseClass: NativeClass:/Script/Engine.StaticMeshActor Name:StaticMeshActor_UAID_E4A8DFF3748EB01002_1178953389 Label:UranoAtm SpatiallyLoaded:1 Bounds:IsValid=true, Min=(X=3563174.193 Y=-25400.004 Z=-28687.806), Max=(X=3620549.807 Y=25399.998 Z=28687.810) RuntimeGrid:None EditorOnly:0 RuntimeOnly:0 HLODRelevant:1 ListedInSceneOutliner:1 IsMainWorldOnly:0 Parent:6B2CF811428DDF5EA748F585FB5AC171
 |   |   |- [+] [  8]
 |   |   |   |- Guid:704763FF41F1D3BF3A79ECA320A75E25 BaseClass: NativeClass:/Script/Engine.StaticMeshActor Name:StaticMeshActor_UAID_E4A8DFF3748EDC1002_1128774111 Label:StaticMeshActor SpatiallyLoaded:1 Bounds:IsValid=true, Min=(X=5081370.000 Y=-8587690.000 Z=-197740.000), Max=(X=5081370.000 Y=-8587690.000 Z=-197740.000) RuntimeGrid:None EditorOnly:0 RuntimeOnly:0 HLODRelevant:0 ListedInSceneOutliner:1 IsMainWorldOnly:0
 |   |   |- [+] [  9]
 |   |   |   |- Guid:768CA6414C9A04811C1B64B17A9E9806 BaseClass: NativeClass:/Script/Engine.WorldDataLayers Name:WorldDataLayers Label:WorldDataLayers SpatiallyLoaded:0 Bounds:Invalid RuntimeGrid:None EditorOnly:0 RuntimeOnly:0 HLODRelevant:0 ListedInSceneOutliner:1 IsMainWorldOnly:1
 |   |   |- [+] [ 10]
 |   |   |   |- Guid:914FBD1D4F9CEC8A9B8BBCB507CDFDC3 BaseClass: NativeClass:/Script/Engine.StaticMeshActor Name:StaticMeshActor_UAID_E4A8DFF3748E951002_1315253616 Label:Espa?o SpatiallyLoaded:1 Bounds:IsValid=true, Min=(X=-10000000.000 Y=-10000000.982 Z=-9999999.762), Max=(X=10000001.831 Y=9999998.541 Z=9999999.762) RuntimeGrid:None EditorOnly:0 RuntimeOnly:0 HLODRelevant:1 ListedInSceneOutliner:1 IsMainWorldOnly:0
 |   |   |- [+] [ 11]
 |   |   |   |- Guid:992CA72E417A6444837F1D9299B92B99 BaseClass: NativeClass:/Script/Engine.StaticMeshActor Name:StaticMeshActor_UAID_E4A8DFF3748EA21002_1902799914 Label:LuaAtm SpatiallyLoaded:1 Bounds:IsValid=true, Min=(X=899351.715 Y=-1750.000 Z=20057.847), Max=(X=903252.170 Y=1750.000 Z=23958.301) RuntimeGrid:None EditorOnly:0 RuntimeOnly:0 HLODRelevant:1 ListedInSceneOutliner:1 IsMainWorldOnly:0 Parent:DD4EA5DF455B44DE221DED80059C20AE
 |   |   |   |- Guid:DD4EA5DF455B44DE221DED80059C20AE BaseClass: NativeClass:/Script/Engine.StaticMeshActor Name:StaticMeshActor_UAID_E4A8DFF3748EA21002_1483717913 Label:Lua SpatiallyLoaded:1 Bounds:IsValid=true, Min=(X=849934.146 Y=-17587.000 Z=-1936.854), Max=(X=853807.854 Y=-14111.000 Z=1936.854) RuntimeGrid:None EditorOnly:0 RuntimeOnly:0 HLODRelevant:1 ListedInSceneOutliner:1 IsMainWorldOnly:0
 |   |   |- [+] [ 12]
 |   |   |   |- Guid:9A62BEA14705CD714F6968BF748CD115 BaseClass: NativeClass:/Script/Engine.PostProcessVolume Name:PostProcessVolume_UAID_E4A8DFF3748E561002_1645451531 Label:PostProcessVolume SpatiallyLoaded:0 Bounds:IsValid=true, Min=(X=-100.000 Y=-100.000 Z=-100.000), Max=(X=100.000 Y=100.000 Z=100.000) RuntimeGrid:None EditorOnly:0 RuntimeOnly:0 HLODRelevant:0 ListedInSceneOutliner:1 IsMainWorldOnly:0
 |   |   |- [+] [ 13]
 |   |   |   |- Guid:9F0D6E2F4E4F942712010FB69D15A311 BaseClass: NativeClass:/Script/Engine.StaticMeshActor Name:StaticMeshActor_UAID_E4A8DFF3748EB21002_1935122742 Label:Netuno SpatiallyLoaded:1 Bounds:IsValid=true, Min=(X=5184822.736 Y=-24622.003 Z=-33299.264), Max=(X=5251421.268 Y=24621.997 Z=33299.266) RuntimeGrid:None EditorOnly:0 RuntimeOnly:0 HLODRelevant:1 ListedInSceneOutliner:1 IsMainWorldOnly:0
 |   |   |   |- Guid:C05F71CC4D224A3C2255F0BBCD871655 BaseClass: NativeClass:/Script/Engine.StaticMeshActor Name:StaticMeshActor_UAID_E4A8DFF3748EB31002_1705620919 Label:NetunoAtm SpatiallyLoaded:1 Bounds:IsValid=true, Min=(X=5184784.868 Y=-24650.002 Z=-33337.131), Max=(X=5251459.136 Y=24649.996 Z=33337.133) RuntimeGrid:None EditorOnly:0 RuntimeOnly:0 HLODRelevant:1 ListedInSceneOutliner:1 IsMainWorldOnly:0 Parent:9F0D6E2F4E4F942712010FB69D15A311
 |   |   |- [+] [ 14]
 |   |   |   |- Guid:B7B32CC446925FB65757E9AAECA33EC4 BaseClass: NativeClass:/Script/Engine.StaticMeshActor Name:StaticMeshActor_UAID_E4A8DFF3748EA61002_1460562623 Label:Saturno SpatiallyLoaded:1 Bounds:IsValid=true, Min=(X=2102410.134 Y=-58232.006 Z=-78321.865), Max=(X=2259053.875 Y=58231.991 Z=78321.870) RuntimeGrid:None EditorOnly:0 RuntimeOnly:0 HLODRelevant:1 ListedInSceneOutliner:1 IsMainWorldOnly:0
 |   |   |   |- Guid:E4B87B45469493B7FB6B2291EC7171E1 BaseClass: NativeClass:/Script/Engine.StaticMeshActor Name:StaticMeshActor_UAID_E4A8DFF3748EA61002_1798253624 Label:SaturnoAtm SpatiallyLoaded:1 Bounds:IsValid=true, Min=(X=2102318.674 Y=-58300.007 Z=-78413.326), Max=(X=2259145.336 Y=58299.993 Z=78413.331) RuntimeGrid:None EditorOnly:0 RuntimeOnly:0 HLODRelevant:1 ListedInSceneOutliner:1 IsMainWorldOnly:0 Parent:B7B32CC446925FB65757E9AAECA33EC4
 |   |   |- [+] [ 15]
 |   |   |   |- Guid:BB1AB5B94FB578EBA33E5B92C20655A4 BaseClass: NativeClass:/Script/Engine.StaticMeshActor Name:StaticMeshActor_UAID_E4A8DFF3748EAC1002_1794818683 Label:Anel_Saturno SpatiallyLoaded:1 Bounds:IsValid=true, Min=(X=2073811.208 Y=-120000.001 Z=-54478.877), Max=(X=2287652.792 Y=120000.001 Z=54478.877) RuntimeGrid:None EditorOnly:0 RuntimeOnly:0 HLODRelevant:1 ListedInSceneOutliner:1 IsMainWorldOnly:0
 |   |   |- [+] [ 16]
 |   |   |   |- Guid:ECF17FD24A673EB88926DAA1655B1C9D BaseClass: NativeClass:/Script/Engine.StaticMeshActor Name:StaticMeshActor_UAID_E4A8DFF3748E961002_1181754793 Label:Sol SpatiallyLoaded:1 Bounds:IsValid=true, Min=(X=-775075.682 Y=-695499.703 Z=-775075.941), Max=(X=775076.272 Y=695500.297 Z=775076.013) RuntimeGrid:None EditorOnly:0 RuntimeOnly:0 HLODRelevant:1 ListedInSceneOutliner:1 IsMainWorldOnly:0
 |- ContainerInstances:
 |- [+] MainContainer:
 |   |-        ID: 00000000000000000000000000000000
 |   |-  ParentID: 00000000000000000000000000000000
 |   |-    Bounds: IsValid=true, Min=(X=-10000000.000 Y=-10000000.982 Z=-9999999.762), Max=(X=10000001.831 Y=9999998.541 Z=9999999.762)
 |   |- Transform: 0.000000,0.000000,0.000000|0.000000,0.000000,-0.000000|1.000000,1.000000,1.000000
 |   |- Container: /Game/Sistema_Solar
----------------------------------------------------------------------------------------------------------------
Sistema_Solar - Persistent Level
----------------------------------------------------------------------------------------------------------------
[+] Content of Sistema_Solar Persistent Level
 |- Always loaded Actor Count: 33 
 |- Actor Path: /Game/Sistema_Solar.Sistema_Solar:PersistentLevel.AbstractNavData-Default
 |- Actor Package: /Game/Sistema_Solar
 |- Actor Path: /Game/Sistema_Solar.Sistema_Solar:PersistentLevel.Brush_0
 |- Actor Package: /Game/Sistema_Solar
 |- Actor Path: /Game/Sistema_Solar.Sistema_Solar:PersistentLevel.DefaultPhysicsVolume_0
 |- Actor Package: /Game/Sistema_Solar
 |- Actor Path: /Game/Sistema_Solar.Sistema_Solar:PersistentLevel.DirectionalLight_UAID_E4A8DFF3748E561002_1106025529
 |- Actor Package: /Game/__ExternalActors__/Sistema_Solar/D/KZ/D9GIORV6D4W66MBBV2KVMQ
 |- Actor Path: /Game/Sistema_Solar.Sistema_Solar:PersistentLevel.GameplayDebuggerPlayerManager_0
 |- Actor Package: /Game/Sistema_Solar
 |- Actor Path: /Game/Sistema_Solar.Sistema_Solar:PersistentLevel.PostProcessVolume_UAID_E4A8DFF3748E561002_1645451531
 |- Actor Package: /Game/__ExternalActors__/Sistema_Solar/A/1M/W717E7YCXQWO1MH2AVF200
 |- Actor Path: /Game/Sistema_Solar.Sistema_Solar:PersistentLevel.StaticMeshActor_UAID_E4A8DFF3748E951002_1315253616
 |- Actor Package: /Game/__ExternalActors__/Sistema_Solar/A/X9/UH7IJ1E6PLRX10D2FBRP4V
 |- Actor Path: /Game/Sistema_Solar.Sistema_Solar:PersistentLevel.StaticMeshActor_UAID_E4A8DFF3748E961002_1181754793
 |- Actor Package: /Game/__ExternalActors__/Sistema_Solar/B/PL/2JUACWN76CTM7DCIH9SLMX
 |- Actor Path: /Game/Sistema_Solar.Sistema_Solar:PersistentLevel.StaticMeshActor_UAID_E4A8DFF3748E9C1002_1656491850
 |- Actor Package: /Game/__ExternalActors__/Sistema_Solar/9/YT/FHGMJXF333D18U7N70ZN61
 |- Actor Path: /Game/Sistema_Solar.Sistema_Solar:PersistentLevel.StaticMeshActor_UAID_E4A8DFF3748E9D1002_2140139027
 |- Actor Package: /Game/__ExternalActors__/Sistema_Solar/A/OD/JYFMR7DQ6ZOZUHKUH0QT40
 |- Actor Path: /Game/Sistema_Solar.Sistema_Solar:PersistentLevel.StaticMeshActor_UAID_E4A8DFF3748E9E1002_1342591204
 |- Actor Package: /Game/__ExternalActors__/Sistema_Solar/8/CJ/6ER3JJLTQT94IZJNR3I6DT
 |- Actor Path: /Game/Sistema_Solar.Sistema_Solar:PersistentLevel.StaticMeshActor_UAID_E4A8DFF3748E9F1002_1745353381
 |- Actor Package: /Game/__ExternalActors__/Sistema_Solar/B/WM/2314BJ9AW4I7VMM6Q1YMEB
 |- Actor Path: /Game/Sistema_Solar.Sistema_Solar:PersistentLevel.StaticMeshActor_UAID_E4A8DFF3748EA01002_1678186558
 |- Actor Package: /Game/__ExternalActors__/Sistema_Solar/2/X9/18DDH7DFOMOHOWL7G2CTZT
 |- Actor Path: /Game/Sistema_Solar.Sistema_Solar:PersistentLevel.StaticMeshActor_UAID_E4A8DFF3748EA01002_1968139559
 |- Actor Package: /Game/__ExternalActors__/Sistema_Solar/E/PF/GIIA9J53F5WRMM26IFGVT3
 |- Actor Path: /Game/Sistema_Solar.Sistema_Solar:PersistentLevel.StaticMeshActor_UAID_E4A8DFF3748EA21002_1398474912
 |- Actor Package: /Game/__ExternalActors__/Sistema_Solar/2/RL/0I5SU1UJX6NDAV8902Z914
 |- Actor Path: /Game/Sistema_Solar.Sistema_Solar:PersistentLevel.StaticMeshActor_UAID_E4A8DFF3748EA21002_1483717913
 |- Actor Package: /Game/__ExternalActors__/Sistema_Solar/4/K8/M2V3BK9T57KP5OMZGVJQZE
 |- Actor Path: /Game/Sistema_Solar.Sistema_Solar:PersistentLevel.StaticMeshActor_UAID_E4A8DFF3748EA21002_1902799914
 |- Actor Package: /Game/__ExternalActors__/Sistema_Solar/6/KQ/2YOT0H167VJZTKX8MAA3AT
 |- Actor Path: /Game/Sistema_Solar.Sistema_Solar:PersistentLevel.StaticMeshActor_UAID_E4A8DFF3748EA21002_1954791915
 |- Actor Package: /Game/__ExternalActors__/Sistema_Solar/8/OO/3WRM9V5ZYADXQEP9HDLQID
 |- Actor Path: /Game/Sistema_Solar.Sistema_Solar:PersistentLevel.StaticMeshActor_UAID_E4A8DFF3748EA51002_1836880444
 |- Actor Package: /Game/__ExternalActors__/Sistema_Solar/9/WB/SK9OYDQ89NXI0SLJRG0QOS
 |- Actor Path: /Game/Sistema_Solar.Sistema_Solar:PersistentLevel.StaticMeshActor_UAID_E4A8DFF3748EA51002_1939353445
 |- Actor Package: /Game/__ExternalActors__/Sistema_Solar/5/VM/56MHX3ZEJCD3XANTWTPWUJ
 |- Actor Path: /Game/Sistema_Solar.Sistema_Solar:PersistentLevel.StaticMeshActor_UAID_E4A8DFF3748EA61002_1325919622
 |- Actor Package: /Game/__ExternalActors__/Sistema_Solar/6/L2/190EUUAIOIMNTJB0EQ8Q9X
 |- Actor Path: /Game/Sistema_Solar.Sistema_Solar:PersistentLevel.StaticMeshActor_UAID_E4A8DFF3748EA61002_1460562623
 |- Actor Package: /Game/__ExternalActors__/Sistema_Solar/9/XF/B99HGD3OTGMECJMTX0ZDZF
 |- Actor Path: /Game/Sistema_Solar.Sistema_Solar:PersistentLevel.StaticMeshActor_UAID_E4A8DFF3748EA61002_1798253624
 |- Actor Package: /Game/__ExternalActors__/Sistema_Solar/5/65/E06ZAFL9XJORCLQMQDPTRQ
 |- Actor Path: /Game/Sistema_Solar.Sistema_Solar:PersistentLevel.StaticMeshActor_UAID_E4A8DFF3748EAC1002_1794818683
 |- Actor Package: /Game/__ExternalActors__/Sistema_Solar/3/O7/HUYYC2T85LP7R8PV7LC728
 |- Actor Path: /Game/Sistema_Solar.Sistema_Solar:PersistentLevel.StaticMeshActor_UAID_E4A8DFF3748EAE1002_1127024036
 |- Actor Package: /Game/__ExternalActors__/Sistema_Solar/A/RT/ZZLN0K2VXMY8SHNS0O2H05
 |- Actor Path: /Game/Sistema_Solar.Sistema_Solar:PersistentLevel.StaticMeshActor_UAID_E4A8DFF3748EB01002_1178953389
 |- Actor Package: /Game/__ExternalActors__/Sistema_Solar/C/1I/IEDOP6VFFS0I3H87NY2XDT
 |- Actor Path: /Game/Sistema_Solar.Sistema_Solar:PersistentLevel.StaticMeshActor_UAID_E4A8DFF3748EB21002_1935122742
 |- Actor Package: /Game/__ExternalActors__/Sistema_Solar/2/8P/B4JPYGVV3XQS8D04A9O247
 |- Actor Path: /Game/Sistema_Solar.Sistema_Solar:PersistentLevel.StaticMeshActor_UAID_E4A8DFF3748EB31002_1705620919
 |- Actor Package: /Game/__ExternalActors__/Sistema_Solar/C/9M/1IOBIQQ9JL8UEX3CWL21WV
 |- Actor Path: /Game/Sistema_Solar.Sistema_Solar:PersistentLevel.StaticMeshActor_UAID_E4A8DFF3748EDC1002_1128774111
 |- Actor Package: /Game/__ExternalActors__/Sistema_Solar/2/2M/QLD6K3NGCN41QLCG1306HK
 |- Actor Path: /Game/Sistema_Solar.Sistema_Solar:PersistentLevel.StaticMeshActor_UAID_E4A8DFF3748EDE1002_1798476468
 |- Actor Package: /Game/__ExternalActors__/Sistema_Solar/A/OH/6DQ6LOT5P150W1BIJXFAS7
 |- Actor Path: /Game/Sistema_Solar.Sistema_Solar:PersistentLevel.WorldDataLayers
 |- Actor Package: /Game/__ExternalActors__/Sistema_Solar/6/P8/PC4LIP9YGD9UHRY4OY5PK1
 |- Actor Path: /Game/Sistema_Solar.Sistema_Solar:PersistentLevel.WorldPartitionMiniMap_UAID_E4A8DFF3748E421002_1272814007
 |- Actor Package: /Game/__ExternalActors__/Sistema_Solar/0/2O/GNL0GC7J6J5DVIR7SXFS0S
 |- Actor Path: /Game/Sistema_Solar.Sistema_Solar:PersistentLevel.WorldSettings
 |- Actor Package: /Game/Sistema_Solar

----------------------------------------------------------------------------------------------------------------
Sistema_Solar - Runtime Spatial Hash - Streaming Grid - MainGrid
----------------------------------------------------------------------------------------------------------------
            Origin: X=0.000 Y=0.000 Z=0.000
         Cell Size: 12800
      World Bounds: IsValid=true, Min=(X=-10000000.000 Y=-10000000.982 Z=-9999999.762), Max=(X=10000001.831 Y=9999998.541 Z=9999999.762)
     Loading Range: 25600.00
Block Slow Loading: No
 ClientOnlyVisible: No
            Origin: X=0.000 Y=0.000 Z=0.000

[+] Grid Levels: 12
 |- Level  0: Cell Count    5 | Cell Size   12800 | Actor Count    9 (39.1%)
 |- Level  1: Cell Count    0 | Cell Size   25600 | Actor Count    0 (0.0%)
 |- Level  2: Cell Count    0 | Cell Size   51200 | Actor Count    0 (0.0%)
 |- Level  3: Cell Count    3 | Cell Size  102400 | Actor Count    6 (26.1%)
 |- Level  4: Cell Count    1 | Cell Size  204800 | Actor Count    2 (8.7%)
 |- Level  5: Cell Count    1 | Cell Size  409600 | Actor Count    2 (8.7%)
 |- Level  6: Cell Count    1 | Cell Size  819200 | Actor Count    3 (13.0%)
 |- Level  7: Cell Count    1 | Cell Size 1638400 | Actor Count    1 (4.3%)
 |- Level  8: Cell Count    0 | Cell Size 3276800 | Actor Count    0 (0.0%)
 |- Level  9: Cell Count    0 | Cell Size 6553600 | Actor Count    0 (0.0%)
 |- Level 10: Cell Count    0 | Cell Size 13107200 | Actor Count    0 (0.0%)
 |- Level 11: Cell Count    0 | Cell Size 26214400 | Actor Count    0 (0.0%)

[+] Content of Grid Level 0
 |- [+] Content of Cell Sistema_Solar_MainGrid_L0_X72_Y0 (3LXYH5S8TQ4VII19UZ4JCCB2V)
 |   |- Actor Count: 2
 |   |-          Actor Path: /Game/Sistema_Solar.Sistema_Solar:PersistentLevel.StaticMeshActor_UAID_E4A8DFF3748EA51002_1836880444
 |   |-       Actor Package: /Game/__ExternalActors__/Sistema_Solar/9/WB/SK9OYDQ89NXI0SLJRG0QOS
 |   |- Actor Instance Guid: 1069D8FA49B12BBEE68F75A510F82C13
 |   |-          Actor Path: /Game/Sistema_Solar.Sistema_Solar:PersistentLevel.StaticMeshActor_UAID_E4A8DFF3748EA21002_1954791915
 |   |-       Actor Package: /Game/__ExternalActors__/Sistema_Solar/8/OO/3WRM9V5ZYADXQEP9HDLQID
 |   |- Actor Instance Guid: 6EB688F24206617284DF9ABA12ACBEAA
 |- [+] Content of Cell Sistema_Solar_MainGrid_L0_X397_Y-671 (6GO0TBSJM90KKM1SXX0ZR2X4L)
 |   |- Actor Count: 1
 |   |-          Actor Path: /Game/Sistema_Solar.Sistema_Solar:PersistentLevel.StaticMeshActor_UAID_E4A8DFF3748EDC1002_1128774111
 |   |-       Actor Package: /Game/__ExternalActors__/Sistema_Solar/2/2M/QLD6K3NGCN41QLCG1306HK
 |   |- Actor Instance Guid: 704763FF41F1D3BF3A79ECA320A75E25
 |- [+] Content of Cell Sistema_Solar_MainGrid_L0_X63_Y0 (92LLUW84J9Z4VXRLDCJM7KP5T)
 |   |- Actor Count: 3
 |   |-          Actor Path: /Game/Sistema_Solar.Sistema_Solar:PersistentLevel.StaticMeshActor_UAID_E4A8DFF3748E9F1002_1745353381
 |   |-       Actor Package: /Game/__ExternalActors__/Sistema_Solar/B/WM/2314BJ9AW4I7VMM6Q1YMEB
 |   |- Actor Instance Guid: 1EE7EE144886B67B3C420ABA8772BE43
 |   |-          Actor Path: /Game/Sistema_Solar.Sistema_Solar:PersistentLevel.StaticMeshActor_UAID_E4A8DFF3748E9E1002_1342591204
 |   |-       Actor Package: /Game/__ExternalActors__/Sistema_Solar/8/CJ/6ER3JJLTQT94IZJNR3I6DT
 |   |- Actor Instance Guid: 6DB5C108471D6E44C446F1A9B0427C77
 |   |-          Actor Path: /Game/Sistema_Solar.Sistema_Solar:PersistentLevel.StaticMeshActor_UAID_E4A8DFF3748EA01002_1678186558
 |   |-       Actor Package: /Game/__ExternalActors__/Sistema_Solar/2/X9/18DDH7DFOMOHOWL7G2CTZT
 |   |- Actor Instance Guid: 9BE6B3B44B76D961F87AC3B2ACB6882A
 |- [+] Content of Cell Sistema_Solar_MainGrid_L0_X-286_Y-725 (BY07T6U1NEY347I2QCX7UJEPM)
 |   |- Actor Count: 1
 |   |-          Actor Path: /Game/Sistema_Solar.Sistema_Solar:PersistentLevel.StaticMeshActor_UAID_E4A8DFF3748EDE1002_1798476468
 |   |-       Actor Package: /Game/__ExternalActors__/Sistema_Solar/A/OH/6DQ6LOT5P150W1BIJXFAS7
 |   |- Actor Instance Guid: 06056B574C5B8D51C10627BE56DBA4A7
 |- [+] Content of Cell Sistema_Solar_MainGrid_L0_X59_Y0 (DQIOCF4G93TRBJC9NEI5ZZIAJ)
 |   |- Actor Count: 2
 |   |-          Actor Path: /Game/Sistema_Solar.Sistema_Solar:PersistentLevel.StaticMeshActor_UAID_E4A8DFF3748E9C1002_1656491850
 |   |-       Actor Package: /Game/__ExternalActors__/Sistema_Solar/9/YT/FHGMJXF333D18U7N70ZN61
 |   |- Actor Instance Guid: 37C576CE4745215098D9DC95ED0F59B8
 |   |-          Actor Path: /Game/Sistema_Solar.Sistema_Solar:PersistentLevel.StaticMeshActor_UAID_E4A8DFF3748E9D1002_2140139027
 |   |-       Actor Package: /Game/__ExternalActors__/Sistema_Solar/A/OD/JYFMR7DQ6ZOZUHKUH0QT40
 |   |- Actor Instance Guid: 387FC1024FF702D461650B831CEDC6E4
[+] Content of Grid Level 1
[+] Content of Grid Level 2
[+] Content of Grid Level 3
 |- [+] Content of Cell Sistema_Solar_MainGrid_L3_X8_Y0 (57WMIHY5VM8P773N3UYDJ5XUR)
 |   |- Actor Count: 2
 |   |-          Actor Path: /Game/Sistema_Solar.Sistema_Solar:PersistentLevel.StaticMeshActor_UAID_E4A8DFF3748EA21002_1398474912
 |   |-       Actor Package: /Game/__ExternalActors__/Sistema_Solar/2/RL/0I5SU1UJX6NDAV8902Z914
 |   |- Actor Instance Guid: 08A650D64F9F6C8CEB3504B252CE4A8B
 |   |-          Actor Path: /Game/Sistema_Solar.Sistema_Solar:PersistentLevel.StaticMeshActor_UAID_E4A8DFF3748EA01002_1968139559
 |   |-       Actor Package: /Game/__ExternalActors__/Sistema_Solar/E/PF/GIIA9J53F5WRMM26IFGVT3
 |   |- Actor Instance Guid: 41DF3BF74C4944FAF6EDBEABFD9BF8F0
 |- [+] Content of Cell Sistema_Solar_MainGrid_L3_X51_Y0 (7GMTOI6I855UJDPTVFT6KXI85)
 |   |- Actor Count: 2
 |   |-          Actor Path: /Game/Sistema_Solar.Sistema_Solar:PersistentLevel.StaticMeshActor_UAID_E4A8DFF3748EB21002_1935122742
 |   |-       Actor Package: /Game/__ExternalActors__/Sistema_Solar/2/8P/B4JPYGVV3XQS8D04A9O247
 |   |- Actor Instance Guid: 9F0D6E2F4E4F942712010FB69D15A311
 |   |-          Actor Path: /Game/Sistema_Solar.Sistema_Solar:PersistentLevel.StaticMeshActor_UAID_E4A8DFF3748EB31002_1705620919
 |   |-       Actor Package: /Game/__ExternalActors__/Sistema_Solar/C/9M/1IOBIQQ9JL8UEX3CWL21WV
 |   |- Actor Instance Guid: C05F71CC4D224A3C2255F0BBCD871655
 |- [+] Content of Cell Sistema_Solar_MainGrid_L3_X35_Y0 (C4BX349JQCIRB1X2G0A8HY22W)
 |   |- Actor Count: 2
 |   |-          Actor Path: /Game/Sistema_Solar.Sistema_Solar:PersistentLevel.StaticMeshActor_UAID_E4A8DFF3748EAE1002_1127024036
 |   |-       Actor Package: /Game/__ExternalActors__/Sistema_Solar/A/RT/ZZLN0K2VXMY8SHNS0O2H05
 |   |- Actor Instance Guid: 6B2CF811428DDF5EA748F585FB5AC171
 |   |-          Actor Path: /Game/Sistema_Solar.Sistema_Solar:PersistentLevel.StaticMeshActor_UAID_E4A8DFF3748EB01002_1178953389
 |   |-       Actor Package: /Game/__ExternalActors__/Sistema_Solar/C/1I/IEDOP6VFFS0I3H87NY2XDT
 |   |- Actor Instance Guid: EF67C217430DDFB46500BBB694CA6563
[+] Content of Grid Level 4
 |- [+] Content of Cell Sistema_Solar_MainGrid_L4_X4_Y0 (CSECQTMY04R25R1R3Y1K6ZA5C)
 |   |- Actor Count: 2
 |   |-          Actor Path: /Game/Sistema_Solar.Sistema_Solar:PersistentLevel.StaticMeshActor_UAID_E4A8DFF3748EA21002_1902799914
 |   |-       Actor Package: /Game/__ExternalActors__/Sistema_Solar/6/KQ/2YOT0H167VJZTKX8MAA3AT
 |   |- Actor Instance Guid: 992CA72E417A6444837F1D9299B92B99
 |   |-          Actor Path: /Game/Sistema_Solar.Sistema_Solar:PersistentLevel.StaticMeshActor_UAID_E4A8DFF3748EA21002_1483717913
 |   |-       Actor Package: /Game/__ExternalActors__/Sistema_Solar/4/K8/M2V3BK9T57KP5OMZGVJQZE
 |   |- Actor Instance Guid: DD4EA5DF455B44DE221DED80059C20AE
[+] Content of Grid Level 5
 |- [+] Content of Cell Sistema_Solar_MainGrid_L5_X4_Y0 (7NU0FARLVKT05641Y3TI566SH)
 |   |- Actor Count: 2
 |   |-          Actor Path: /Game/Sistema_Solar.Sistema_Solar:PersistentLevel.StaticMeshActor_UAID_E4A8DFF3748EA51002_1939353445
 |   |-       Actor Package: /Game/__ExternalActors__/Sistema_Solar/5/VM/56MHX3ZEJCD3XANTWTPWUJ
 |   |- Actor Instance Guid: 02E878BD43540521460A5BB9E6F8F212
 |   |-          Actor Path: /Game/Sistema_Solar.Sistema_Solar:PersistentLevel.StaticMeshActor_UAID_E4A8DFF3748EA61002_1325919622
 |   |-       Actor Package: /Game/__ExternalActors__/Sistema_Solar/6/L2/190EUUAIOIMNTJB0EQ8Q9X
 |   |- Actor Instance Guid: B80902134115EFA0C0A74F9DF034F767
[+] Content of Grid Level 6
 |- [+] Content of Cell Sistema_Solar_MainGrid_L6_X3_Y0 (9AEBMM8XKVOQHFC1ZJH2INAJL)
 |   |- Actor Count: 3
 |   |-          Actor Path: /Game/Sistema_Solar.Sistema_Solar:PersistentLevel.StaticMeshActor_UAID_E4A8DFF3748EA61002_1460562623
 |   |-       Actor Package: /Game/__ExternalActors__/Sistema_Solar/9/XF/B99HGD3OTGMECJMTX0ZDZF
 |   |- Actor Instance Guid: B7B32CC446925FB65757E9AAECA33EC4
 |   |-          Actor Path: /Game/Sistema_Solar.Sistema_Solar:PersistentLevel.StaticMeshActor_UAID_E4A8DFF3748EAC1002_1794818683
 |   |-       Actor Package: /Game/__ExternalActors__/Sistema_Solar/3/O7/HUYYC2T85LP7R8PV7LC728
 |   |- Actor Instance Guid: BB1AB5B94FB578EBA33E5B92C20655A4
 |   |-          Actor Path: /Game/Sistema_Solar.Sistema_Solar:PersistentLevel.StaticMeshActor_UAID_E4A8DFF3748EA61002_1798253624
 |   |-       Actor Package: /Game/__ExternalActors__/Sistema_Solar/5/65/E06ZAFL9XJORCLQMQDPTRQ
 |   |- Actor Instance Guid: E4B87B45469493B7FB6B2291EC7171E1
[+] Content of Grid Level 7
 |- [+] Content of Cell Sistema_Solar_MainGrid_L7_X0_Y0 (6JPEV70JDCCCFUILNN2Y6XJY8)
 |   |- Actor Count: 1
 |   |-          Actor Path: /Game/Sistema_Solar.Sistema_Solar:PersistentLevel.StaticMeshActor_UAID_E4A8DFF3748E961002_1181754793
 |   |-       Actor Package: /Game/__ExternalActors__/Sistema_Solar/B/PL/2JUACWN76CTM7DCIH9SLMX
 |   |- Actor Instance Guid: ECF17FD24A673EB88926DAA1655B1C9D
[+] Content of Grid Level 8
[+] Content of Grid Level 9
[+] Content of Grid Level 10
[+] Content of Grid Level 11

